<?xml version="1.0" encoding="UTF-8"?>
<!-- Generated by org.testng.reporters.JUnitReportReporter -->
<testsuite hostname="DESKTOP-SC1O9D2" failures="0" tests="3" name="rahulshettyacademy.tests.SubmitOrderTest" time="78.025" errors="0" timestamp="2025-11-02T11:19:36 IST" skipped="0">
  <testcase classname="rahulshettyacademy.tests.SubmitOrderTest" name="submitOrder" time="24.093"/>
  <testcase classname="rahulshettyacademy.tests.SubmitOrderTest" name="submitOrder" time="22.622"/>
  <testcase classname="rahulshettyacademy.tests.SubmitOrderTest" name="submitOrder" time="31.310"/>
</testsuite> <!-- rahulshettyacademy.tests.SubmitOrderTest -->
